<?xml version="1.0" encoding="UTF-8"?>
<!-- Generated by org.testng.reporters.JUnitXMLReporter -->
<testsuite ignored="0" hostname="DESKTOP-FUOP5L6" failures="0" tests="4" name="Default test" time="23.204" errors="0" timestamp="2024-11-19T14:17:07 IST">
  <testcase classname="modularFramework.Modular" name="invokeurl1" time="0.477"/>
  <testcase classname="modularFramework.Modular" name="addtocart" time="1.6"/>
  <testcase classname="modularFramework.Modular" name="login1" time="13.5"/>
  <testcase classname="modularFramework.Modular" name="checkout1" time="3.215"/>
</testsuite> <!-- Default test -->
