<?xml version="1.0" encoding="UTF-8"?>
<!-- Generated by org.testng.reporters.JUnitXMLReporter -->
<testsuite ignored="0" hostname="DESKTOP-FUOP5L6" failures="0" tests="4" name="Test" time="24.537" errors="0" timestamp="2024-11-19T14:18:56 IST">
  <testcase classname="modularFramework.Modular" name="invokeurl1" time="0.727"/>
  <testcase classname="modularFramework.Modular" name="addtocart" time="2.652"/>
  <testcase classname="modularFramework.Modular" name="login1" time="13.509"/>
  <testcase classname="modularFramework.Modular" name="checkout1" time="4.156"/>
</testsuite> <!-- Test -->
