<?xml version="1.0" encoding="UTF-8"?>
<!-- Generated by org.testng.reporters.JUnitXMLReporter -->
<testsuite ignored="0" hostname="DESKTOP-FUOP5L6" failures="0" tests="4" name="Test" time="54.209" errors="0" timestamp="2024-11-19T15:05:39 IST">
  <testcase classname="modularFramework.Modular" name="invokeurl1" time="3.067"/>
  <testcase classname="modularFramework.Modular" name="addtocart" time="31.61"/>
  <testcase classname="modularFramework.Modular" name="login1" time="13.245"/>
  <testcase classname="modularFramework.Modular" name="checkout1" time="2.715"/>
</testsuite> <!-- Test -->
